0 info it worked if it ends with ok
1 verbose cli [ 'node',
1 verbose cli   '/usr/local/bin/npm',
1 verbose cli   'install',
1 verbose cli   '-g',
1 verbose cli   'ripple-emulator' ]
2 info using npm@1.4.9
3 info using node@v0.10.21
4 verbose cache add [ 'ripple-emulator', null ]
5 verbose cache add name=undefined spec="ripple-emulator" args=["ripple-emulator",null]
6 verbose parsed url { protocol: null,
6 verbose parsed url   slashes: null,
6 verbose parsed url   auth: null,
6 verbose parsed url   host: null,
6 verbose parsed url   port: null,
6 verbose parsed url   hostname: null,
6 verbose parsed url   hash: null,
6 verbose parsed url   search: null,
6 verbose parsed url   query: null,
6 verbose parsed url   pathname: 'ripple-emulator',
6 verbose parsed url   path: 'ripple-emulator',
6 verbose parsed url   href: 'ripple-emulator' }
7 silly lockFile eb53d4ae-ripple-emulator ripple-emulator
8 verbose lock ripple-emulator /Users/student/.npm/eb53d4ae-ripple-emulator.lock
9 silly lockFile eb53d4ae-ripple-emulator ripple-emulator
10 silly lockFile eb53d4ae-ripple-emulator ripple-emulator
11 verbose addNamed [ 'ripple-emulator', '' ]
12 verbose addNamed [ null, '*' ]
13 silly lockFile c6e72574-ripple-emulator ripple-emulator@
14 verbose lock ripple-emulator@ /Users/student/.npm/c6e72574-ripple-emulator.lock
15 silly addNameRange { name: 'ripple-emulator', range: '*', hasData: false }
16 verbose url raw ripple-emulator
17 verbose url resolving [ 'https://registry.npmjs.org/', './ripple-emulator' ]
18 verbose url resolved https://registry.npmjs.org/ripple-emulator
19 info trying registry request attempt 1 at 12:26:48
20 http GET https://registry.npmjs.org/ripple-emulator
21 http 200 https://registry.npmjs.org/ripple-emulator
22 silly registry.get cb [ 200,
22 silly registry.get   { date: 'Wed, 04 Jun 2014 18:26:49 GMT',
22 silly registry.get     server: 'CouchDB/1.5.0 (Erlang OTP/R14B04)',
22 silly registry.get     etag: '"39ESRAVQWPSWZ1N86J6G06F39"',
22 silly registry.get     'content-type': 'application/json',
22 silly registry.get     via: '1.1 varnish',
22 silly registry.get     'cache-control': 'max-age=1',
22 silly registry.get     'content-length': '17092',
22 silly registry.get     'accept-ranges': 'bytes',
22 silly registry.get     age: '5060',
22 silly registry.get     'x-served-by': 'cache-v43-ASH, cache-lax1434-LAX',
22 silly registry.get     'x-cache': 'MISS, MISS',
22 silly registry.get     'x-cache-hits': '0, 0',
22 silly registry.get     'x-timer': 'S1401906409.017142,VS0,VE158',
22 silly registry.get     vary: 'Accept',
22 silly registry.get     'keep-alive': 'timeout=10, max=50',
22 silly registry.get     connection: 'Keep-Alive' } ]
23 silly addNameRange number 2 { name: 'ripple-emulator', range: '*', hasData: true }
24 silly addNameRange versions [ 'ripple-emulator',
24 silly addNameRange   [ '0.9.15',
24 silly addNameRange     '0.9.16',
24 silly addNameRange     '0.9.17',
24 silly addNameRange     '0.9.18',
24 silly addNameRange     '0.9.19',
24 silly addNameRange     '0.9.20',
24 silly addNameRange     '0.9.21',
24 silly addNameRange     '0.9.22' ] ]
25 verbose addNamed [ 'ripple-emulator', '0.9.22' ]
26 verbose addNamed [ '0.9.22', '0.9.22' ]
27 silly lockFile 935d2d03-ripple-emulator-0-9-22 ripple-emulator@0.9.22
28 verbose lock ripple-emulator@0.9.22 /Users/student/.npm/935d2d03-ripple-emulator-0-9-22.lock
29 silly lockFile 2710b0f5-lator-ripple-emulator-0-9-22-tgz https://registry.npmjs.org/ripple-emulator/-/ripple-emulator-0.9.22.tgz
30 verbose lock https://registry.npmjs.org/ripple-emulator/-/ripple-emulator-0.9.22.tgz /Users/student/.npm/2710b0f5-lator-ripple-emulator-0-9-22-tgz.lock
31 verbose addRemoteTarball [ 'https://registry.npmjs.org/ripple-emulator/-/ripple-emulator-0.9.22.tgz',
31 verbose addRemoteTarball   '519a59bd3b5483875fd2cb24cbd065ac9d27dc14' ]
32 info retry fetch attempt 1 at 12:26:49
33 verbose fetch to= /var/folders/q1/1t501pjx4hn9sbnvhmb8bvg80000gt/T/npm-2356--iMuBsxJ/1401906409128-0.12836751202121377/tmp.tgz
34 http GET https://registry.npmjs.org/ripple-emulator/-/ripple-emulator-0.9.22.tgz
35 http 200 https://registry.npmjs.org/ripple-emulator/-/ripple-emulator-0.9.22.tgz
36 verbose tar unpack /var/folders/q1/1t501pjx4hn9sbnvhmb8bvg80000gt/T/npm-2356--iMuBsxJ/1401906409128-0.12836751202121377/tmp.tgz
37 silly lockFile 06b03404-m-ripple-emulator-0-9-22-package tar:///Users/student/.npm/ripple-emulator/0.9.22/package
38 verbose lock tar:///Users/student/.npm/ripple-emulator/0.9.22/package /Users/student/.npm/06b03404-m-ripple-emulator-0-9-22-package.lock
39 silly lockFile a6b6617a-9128-0-12836751202121377-tmp-tgz tar:///var/folders/q1/1t501pjx4hn9sbnvhmb8bvg80000gt/T/npm-2356--iMuBsxJ/1401906409128-0.12836751202121377/tmp.tgz
40 verbose lock tar:///var/folders/q1/1t501pjx4hn9sbnvhmb8bvg80000gt/T/npm-2356--iMuBsxJ/1401906409128-0.12836751202121377/tmp.tgz /Users/student/.npm/a6b6617a-9128-0-12836751202121377-tmp-tgz.lock
41 silly gunzTarPerm modes [ '755', '644' ]
42 silly gunzTarPerm extractEntry package.json
43 silly gunzTarPerm extractEntry README.md
44 silly gunzTarPerm extractEntry LICENSE
45 silly gunzTarPerm extractEntry assets/server/css/style.css
46 silly gunzTarPerm extractEntry assets/server/images/NOTICE
47 silly gunzTarPerm extractEntry assets/server/images/ripplelogo_large.png
48 silly gunzTarPerm extractEntry assets/server/index.html
49 silly gunzTarPerm extractEntry assets/server/js/index.js
50 silly gunzTarPerm extractEntry bin/ripple
51 silly gunzTarPerm extractEntry doc/CHANGELOG.md
52 silly gunzTarPerm extractEntry doc/chrome_extension.md
53 silly gunzTarPerm extractEntry doc/cli/emulate.md
54 silly gunzTarPerm extractEntry doc/cli/proxy.md
55 silly gunzTarPerm extractEntry doc/cli/rainbow.md
56 silly gunzTarPerm extractEntry doc/cli/ripple.md
57 silly gunzTarPerm extractEntry doc/gpx.md
58 silly gunzTarPerm extractEntry lib/index.js
59 silly gunzTarPerm extractEntry lib/cli/emulate.js
60 silly gunzTarPerm extractEntry lib/cli/help.js
61 silly gunzTarPerm extractEntry lib/cli/index.js
62 silly gunzTarPerm extractEntry lib/cli/parser.js
63 silly gunzTarPerm extractEntry lib/cli/proxy.js
64 silly gunzTarPerm extractEntry lib/cli/version.js
65 silly gunzTarPerm extractEntry lib/server/conf.js
66 silly gunzTarPerm extractEntry lib/server/emulate.js
67 silly gunzTarPerm extractEntry lib/server/index.js
68 silly gunzTarPerm extractEntry lib/server/proxy.js
69 silly gunzTarPerm extractEntry lib/server/emulate/cordovaProject.js
70 silly gunzTarPerm extractEntry lib/server/emulate/hosted.js
71 silly gunzTarPerm extractEntry lib/server/emulate/static.js
72 silly gunzTarPerm extractEntry pkg/hosted/ripple.js
73 silly gunzTarPerm extractEntry pkg/hosted/images/dance.gif
74 silly gunzTarPerm extractEntry pkg/hosted/images/Icon_128x128.png
75 silly gunzTarPerm extractEntry pkg/hosted/images/Icon_16x16.png
76 silly gunzTarPerm extractEntry pkg/hosted/images/Icon_48x48.png
77 silly gunzTarPerm extractEntry pkg/hosted/images/arrow.png
78 silly gunzTarPerm extractEntry pkg/hosted/images/circle.png
79 silly gunzTarPerm extractEntry pkg/hosted/images/compass.png
80 silly gunzTarPerm extractEntry pkg/hosted/images/Icon_150x150.png
81 silly gunzTarPerm extractEntry pkg/hosted/images/getstarted.png
82 silly gunzTarPerm extractEntry pkg/hosted/images/load.gif
83 silly gunzTarPerm extractEntry pkg/hosted/images/load2.gif
84 silly gunzTarPerm extractEntry pkg/hosted/images/ripplelogo.png
85 silly gunzTarPerm extractEntry pkg/hosted/images/ripplelogo_large.png
86 silly gunzTarPerm extractEntry pkg/hosted/images/ui-bg-hashed.png
87 silly gunzTarPerm extractEntry pkg/hosted/images/webworks/bb10/Browser_SaveLink.png
88 silly gunzTarPerm extractEntry pkg/hosted/images/webworks/bb10/ActionOverflowMenu.png
89 silly gunzTarPerm extractEntry pkg/hosted/images/webworks/bb10/Browser_Cancel_Selection.png
90 silly gunzTarPerm extractEntry pkg/hosted/images/webworks/bb10/Browser_Copy.png
91 silly gunzTarPerm extractEntry pkg/hosted/images/webworks/bb10/Browser_CopyImageLink.png
92 silly gunzTarPerm extractEntry pkg/hosted/images/webworks/bb10/Browser_CopyLink.png
93 silly gunzTarPerm extractEntry pkg/hosted/images/webworks/bb10/Browser_Cut.png
94 silly gunzTarPerm extractEntry pkg/hosted/images/webworks/bb10/Browser_OpenLink.png
95 silly gunzTarPerm extractEntry pkg/hosted/images/webworks/bb10/Browser_OpenLinkInNewTab.png
96 silly gunzTarPerm extractEntry pkg/hosted/images/webworks/bb10/Browser_SaveImage.png
97 silly gunzTarPerm extractEntry pkg/hosted/images/webworks/bb10/Browser_BookmarkLink.png
98 silly gunzTarPerm extractEntry pkg/hosted/images/webworks/bb10/Browser_Search.png
99 silly gunzTarPerm extractEntry pkg/hosted/images/webworks/bb10/Browser_ShareImage.png
100 silly gunzTarPerm extractEntry pkg/hosted/images/webworks/bb10/Browser_ShareLink.png
101 silly gunzTarPerm extractEntry pkg/hosted/images/webworks/bb10/Browser_ViewImage.png
102 silly gunzTarPerm extractEntry pkg/hosted/images/webworks/bb10/core_crosscutmenu_bg.png
103 silly gunzTarPerm extractEntry pkg/hosted/images/webworks/bb10/core_crosscutmenu_selected.png
104 silly gunzTarPerm extractEntry pkg/hosted/images/webworks/bb10/crosscutmenu_paste.png
105 silly gunzTarPerm extractEntry pkg/hosted/images/webworks/bb10/drag_bar.png
106 silly gunzTarPerm extractEntry pkg/hosted/images/webworks/bb10/generic_81_81_placeholder.png
107 silly gunzTarPerm extractEntry pkg/hosted/index.html
108 silly gunzTarPerm extractEntry pkg/hosted/ripple.css
109 silly gunzTarPerm extractEntry pkg/hosted/themes/dark/images/ui-bg_highlight-soft_10_333333_1x100.png
110 silly gunzTarPerm extractEntry pkg/hosted/themes/dark/images/device.png
111 silly gunzTarPerm extractEntry pkg/hosted/themes/dark/images/ui-bg_flat_30_cccccc_40x100.png
112 silly gunzTarPerm extractEntry pkg/hosted/themes/dark/images/ui-bg_flat_50_1e1e1e_40x100.png
113 silly gunzTarPerm extractEntry pkg/hosted/themes/dark/images/ui-bg_glass_40_ffc73d_1x400.png
114 silly gunzTarPerm extractEntry pkg/hosted/themes/dark/images/ui-bg_highlight-hard_30_5871a3_1x100.png
115 silly gunzTarPerm extractEntry pkg/hosted/themes/dark/images/ui-bg_highlight-soft_0_333333_1x100.png
116 silly gunzTarPerm extractEntry pkg/hosted/themes/dark/images/ui-bg_flat_25_222222_40x100.png
117 silly gunzTarPerm extractEntry pkg/hosted/themes/dark/images/ui-bg_highlight-soft_20_333333_1x100.png
118 silly gunzTarPerm extractEntry pkg/hosted/themes/dark/images/ui-bg_highlight-soft_50_1e1e1e_1x100.png
119 silly gunzTarPerm extractEntry pkg/hosted/themes/dark/images/ui-icons_222222_256x240.png
120 silly gunzTarPerm extractEntry pkg/hosted/themes/dark/images/ui-icons_5871a3_256x240.png
121 silly gunzTarPerm extractEntry pkg/hosted/themes/dark/images/ui-icons_a83300_256x240.png
122 silly gunzTarPerm extractEntry pkg/hosted/themes/dark/images/ui-icons_cccccc_256x240.png
123 silly gunzTarPerm extractEntry pkg/hosted/themes/dark/images/ui-icons_ffffff_256x240.png
124 silly gunzTarPerm extractEntry pkg/hosted/themes/dark/theme.css
125 silly gunzTarPerm extractEntry pkg/hosted/themes/light/images/ui-bg_glass_75_e6e6e6_1x400.png
126 silly gunzTarPerm extractEntry pkg/hosted/themes/light/images/device.png
127 silly gunzTarPerm extractEntry pkg/hosted/themes/light/images/ui-bg_flat_0_aaaaaa_40x100.png
128 silly gunzTarPerm extractEntry pkg/hosted/themes/light/images/ui-bg_flat_75_ffffff_40x100.png
129 silly gunzTarPerm extractEntry pkg/hosted/themes/light/images/ui-bg_glass_55_fbf9ee_1x400.png
130 silly gunzTarPerm extractEntry pkg/hosted/themes/light/images/ui-bg_glass_65_ffffff_1x400.png
131 silly gunzTarPerm extractEntry pkg/hosted/themes/light/images/ui-bg_glass_75_dadada_1x400.png
132 silly gunzTarPerm extractEntry pkg/hosted/themes/light/images/ui-anim_basic_16x16.gif
133 silly gunzTarPerm extractEntry pkg/hosted/themes/light/images/ui-bg_glass_95_fef1ec_1x400.png
134 silly gunzTarPerm extractEntry pkg/hosted/themes/light/images/ui-bg_highlight-soft_75_cccccc_1x100.png
135 silly gunzTarPerm extractEntry pkg/hosted/themes/light/images/ui-icons_222222_256x240.png
136 silly gunzTarPerm extractEntry pkg/hosted/themes/light/images/ui-icons_2e83ff_256x240.png
137 silly gunzTarPerm extractEntry pkg/hosted/themes/light/images/ui-icons_454545_256x240.png
138 silly gunzTarPerm extractEntry pkg/hosted/themes/light/images/ui-icons_888888_256x240.png
139 silly gunzTarPerm extractEntry pkg/hosted/themes/light/images/ui-icons_cd0a0a_256x240.png
140 silly gunzTarPerm extractEntry pkg/hosted/themes/light/theme.css
141 silly lockFile 06b03404-m-ripple-emulator-0-9-22-package tar:///Users/student/.npm/ripple-emulator/0.9.22/package
142 silly lockFile 06b03404-m-ripple-emulator-0-9-22-package tar:///Users/student/.npm/ripple-emulator/0.9.22/package
143 silly lockFile a6b6617a-9128-0-12836751202121377-tmp-tgz tar:///var/folders/q1/1t501pjx4hn9sbnvhmb8bvg80000gt/T/npm-2356--iMuBsxJ/1401906409128-0.12836751202121377/tmp.tgz
144 silly lockFile a6b6617a-9128-0-12836751202121377-tmp-tgz tar:///var/folders/q1/1t501pjx4hn9sbnvhmb8bvg80000gt/T/npm-2356--iMuBsxJ/1401906409128-0.12836751202121377/tmp.tgz
145 silly lockFile 2710b0f5-lator-ripple-emulator-0-9-22-tgz https://registry.npmjs.org/ripple-emulator/-/ripple-emulator-0.9.22.tgz
146 silly lockFile 2710b0f5-lator-ripple-emulator-0-9-22-tgz https://registry.npmjs.org/ripple-emulator/-/ripple-emulator-0.9.22.tgz
147 silly lockFile 935d2d03-ripple-emulator-0-9-22 ripple-emulator@0.9.22
148 silly lockFile 935d2d03-ripple-emulator-0-9-22 ripple-emulator@0.9.22
149 silly lockFile c6e72574-ripple-emulator ripple-emulator@
150 silly lockFile c6e72574-ripple-emulator ripple-emulator@
151 silly resolved [ { name: 'ripple-emulator',
151 silly resolved     version: '0.9.22',
151 silly resolved     description: 'A browser based html5 mobile application development and testing tool',
151 silly resolved     homepage: 'http://ripple.incubator.apache.org/',
151 silly resolved     author:
151 silly resolved      { name: 'Apache Ripple Community',
151 silly resolved        url: 'http://ripple.incubator.apache.org/' },
151 silly resolved     licenses: [ [Object] ],
151 silly resolved     repository:
151 silly resolved      { type: 'git',
151 silly resolved        url: 'https://git-wip-us.apache.org/repos/asf/incubator-ripple.git' },
151 silly resolved     keywords:
151 silly resolved      [ 'cordova',
151 silly resolved        'phonegap',
151 silly resolved        'ripple',
151 silly resolved        'mobile',
151 silly resolved        'testing',
151 silly resolved        'test',
151 silly resolved        'emulator' ],
151 silly resolved     bin: { ripple: './bin/ripple' },
151 silly resolved     main: './lib/index',
151 silly resolved     dependencies:
151 silly resolved      { express: '3.1.0',
151 silly resolved        'connect-xcors': '0.5.2',
151 silly resolved        request: '2.12.0',
151 silly resolved        colors: '0.6.0-1',
151 silly resolved        moment: '1.x.x',
151 silly resolved        accounting: '0.x.x',
151 silly resolved        open: '0.0.3' },
151 silly resolved     devDependencies:
151 silly resolved      { connect: '2.3.6',
151 silly resolved        jsdom: '0.6.x',
151 silly resolved        cssmin: '0.3.1',
151 silly resolved        'html-minifier': '0.4.5',
151 silly resolved        jWorkflow: '0.x.x',
151 silly resolved        xmlhttprequest: '1.4.2',
151 silly resolved        coverjs: '0.0.14',
151 silly resolved        bower: '0.9.x' },
151 silly resolved     files:
151 silly resolved      [ 'README.md',
151 silly resolved        'LICENSE',
151 silly resolved        'lib/index.js',
151 silly resolved        'lib/server',
151 silly resolved        'lib/cli',
151 silly resolved        'assets/server',
151 silly resolved        'pkg/hosted',
151 silly resolved        'doc',
151 silly resolved        'bin' ],
151 silly resolved     engines: { node: '>= 0.8.0', npm: '>= 1.1.0' },
151 silly resolved     readme: '# Apache Ripple(tm)\n\nA browser based, platform agnostic mobile application development and testing tool.\n \n## Build Requirements\n\n* nodejs, npm\n* OSX or linux (windows is not currently supported for development)\n\n## Getting Started\n\nIf you plan to dive into the source, be sure to check out the [HACKING](https://github.com/apache/incubator-ripple/blob/master/HACKING.md) file.\n\nTo get started, you need to setup a few things, first- run (in the project root):\n\n    ./configure\n\nThis script will pull down the needed npm packages and initialize the submodules.\n\n## Build Commands\n\n    jake\n\nThis will build ripple to the `pkg/` folder. In that folder there are various targets that can be used.\n\n    jake -T\n\nThis will describe all the available commands for building and running the tests, etc.\n\n## Running Inside Other Web Browsers\n\nRipple is (by-design) browser agnostic, and _should_ be able to run inside any web browser.\n\nIf you want to run it inside other browsers, you will need to use the `pkg/hosted` target, paired with the CLI\'s `emulate` command.\n\nEx (using the NPM package):\n\n    ripple emulate --path to/my/app\n\n    # or\n\n    ripple emulate --remote http://remote-site.com\n\nThen navigating to (your app\'s html file):\n\n    http://localhost:PORT/index.html?enableripple=true\n\n## CLI & NPM Package\n\nThere is a command line interface that can be paired with the client (UI).\n\nIt can be used for various things, such as statically hosting an application, and running a local (cross origin) XHR proxy.\n\nTo install:\n\n    npm install -g ripple-emulator\n\nThis will install a global script called `ripple`. To see usage, run:\n\n    ripple help\n\n## Contributing\n\nThe `master` branch is the latest (stable) release. The `next` branch is where all development happens.\n\nIf you like the project, and want to contribute code, please issue a pull request (on [GitHub](https://github.com/apache/incubator-ripple/pulls)) into the `next` branch.\n\nNote: You will need to submit an Apache [ICLA](http://www.apache.org/licenses/#clas) (Individual Contributor License Agreement) for your contribution to be accepted.\n\n## Code Guidelines\n\n* 4 spaces per editor tab.\n* `jake lint`, no new lint errors introduced.\n* All unit tests are green.\n\n## Reference Material &amp; Community\n\n* [Project Site](http://ripple.incubator.apache.org)\n',
151 silly resolved     readmeFilename: 'README.md',
151 silly resolved     _id: 'ripple-emulator@0.9.22',
151 silly resolved     _shasum: '519a59bd3b5483875fd2cb24cbd065ac9d27dc14',
151 silly resolved     _from: 'ripple-emulator@',
151 silly resolved     _resolved: 'https://registry.npmjs.org/ripple-emulator/-/ripple-emulator-0.9.22.tgz' } ]
152 info install ripple-emulator@0.9.22 into /usr/local/lib
153 info installOne ripple-emulator@0.9.22
154 info /usr/local/lib/node_modules/ripple-emulator unbuild
155 verbose tar unpack /Users/student/.npm/ripple-emulator/0.9.22/package.tgz
156 silly lockFile c1fcff1f-lib-node-modules-ripple-emulator tar:///usr/local/lib/node_modules/ripple-emulator
157 verbose lock tar:///usr/local/lib/node_modules/ripple-emulator /Users/student/.npm/c1fcff1f-lib-node-modules-ripple-emulator.lock
158 silly lockFile 37407437-pple-emulator-0-9-22-package-tgz tar:///Users/student/.npm/ripple-emulator/0.9.22/package.tgz
159 verbose lock tar:///Users/student/.npm/ripple-emulator/0.9.22/package.tgz /Users/student/.npm/37407437-pple-emulator-0-9-22-package-tgz.lock
160 silly gunzTarPerm modes [ '755', '644' ]
161 error Error: EACCES, mkdir '/usr/local/lib/node_modules/ripple-emulator'
161 error  { [Error: EACCES, mkdir '/usr/local/lib/node_modules/ripple-emulator']
161 error   errno: 3,
161 error   code: 'EACCES',
161 error   path: '/usr/local/lib/node_modules/ripple-emulator',
161 error   fstream_type: 'Directory',
161 error   fstream_path: '/usr/local/lib/node_modules/ripple-emulator',
161 error   fstream_class: 'DirWriter',
161 error   fstream_stack:
161 error    [ '/usr/local/lib/node_modules/npm/node_modules/fstream/lib/dir-writer.js:36:23',
161 error      '/usr/local/lib/node_modules/npm/node_modules/mkdirp/index.js:37:53',
161 error      'Object.oncomplete (fs.js:107:15)' ] }
162 error Please try running this command again as root/Administrator.
163 error System Darwin 13.1.0
164 error command "node" "/usr/local/bin/npm" "install" "-g" "ripple-emulator"
165 error cwd /Users/student/Projects/Final/PGDemo
166 error node -v v0.10.21
167 error npm -v 1.4.9
168 error path /usr/local/lib/node_modules/ripple-emulator
169 error fstream_path /usr/local/lib/node_modules/ripple-emulator
170 error fstream_type Directory
171 error fstream_class DirWriter
172 error code EACCES
173 error errno 3
174 error stack Error: EACCES, mkdir '/usr/local/lib/node_modules/ripple-emulator'
175 error fstream_stack /usr/local/lib/node_modules/npm/node_modules/fstream/lib/dir-writer.js:36:23
175 error fstream_stack /usr/local/lib/node_modules/npm/node_modules/mkdirp/index.js:37:53
175 error fstream_stack Object.oncomplete (fs.js:107:15)
176 verbose exit [ 3, true ]
